[0.060s] Invoking command in '/home/thxssio/Codes/RobotROS/build/imu': CMAKE_PREFIX_PATH=/opt/ros/humble /usr/bin/cmake /home/thxssio/Codes/RobotROS/src/imu -DCMAKE_INSTALL_PREFIX=/home/thxssio/Codes/RobotROS/install/imu
[0.104s] -- Found ament_cmake: 1.3.4 (/opt/ros/humble/share/ament_cmake/cmake)
[0.732s] -- Found rclcpp: 16.0.4 (/opt/ros/humble/share/rclcpp/cmake)
[0.892s] -- Found rosidl_generator_c: 3.1.4 (/opt/ros/humble/share/rosidl_generator_c/cmake)
[0.902s] -- Found rosidl_adapter: 3.1.4 (/opt/ros/humble/share/rosidl_adapter/cmake)
[0.926s] -- Found rosidl_generator_cpp: 3.1.4 (/opt/ros/humble/share/rosidl_generator_cpp/cmake)
[0.969s] -- Using all available rosidl_typesupport_c: rosidl_typesupport_fastrtps_c;rosidl_typesupport_introspection_c
[1.030s] -- Using all available rosidl_typesupport_cpp: rosidl_typesupport_fastrtps_cpp;rosidl_typesupport_introspection_cpp
[1.249s] -- Found rmw_implementation_cmake: 6.1.1 (/opt/ros/humble/share/rmw_implementation_cmake/cmake)
[1.254s] -- Found rmw_fastrtps_cpp: 6.2.2 (/opt/ros/humble/share/rmw_fastrtps_cpp/cmake)
[2.108s] -- Using RMW implementation 'rmw_fastrtps_cpp' as default
[2.678s] -- Found sensor_msgs: 4.2.3 (/opt/ros/humble/share/sensor_msgs/cmake)
[3.400s] -- Configuring done
[3.452s] -- Generating done
[3.458s] -- Build files have been written to: /home/thxssio/Codes/RobotROS/build/imu
[3.484s] Invoked command in '/home/thxssio/Codes/RobotROS/build/imu' returned '0': CMAKE_PREFIX_PATH=/opt/ros/humble /usr/bin/cmake /home/thxssio/Codes/RobotROS/src/imu -DCMAKE_INSTALL_PREFIX=/home/thxssio/Codes/RobotROS/install/imu
[3.492s] Invoking command in '/home/thxssio/Codes/RobotROS/build/imu': CMAKE_PREFIX_PATH=/opt/ros/humble /usr/bin/cmake --build /home/thxssio/Codes/RobotROS/build/imu -- -j4 -l4
[3.683s] [ 33%] [32mBuilding CXX object CMakeFiles/imu.dir/src/mpu6050driver.cpp.o[0m
[3.684s] [ 66%] [32mBuilding CXX object CMakeFiles/imu.dir/src/mpu6050sensor.cpp.o[0m
[3.739s] In file included from [01m[K/home/thxssio/Codes/RobotROS/src/imu/src/mpu6050driver.cpp:1[m[K:
[3.740s] [01m[K/home/thxssio/Codes/RobotROS/src/imu/include/imu/mpu6050driver.h:4:10:[m[K [01;31m[Kfatal error: [m[Kmpu6050driver/mpu6050sensor.h: No such file or directory
[3.740s]     4 | #include [01;31m[K"mpu6050driver/mpu6050sensor.h"[m[K
[3.741s]       |          [01;31m[K^~~~~~~~~~~~~~~~~~~~~~~~~~~~~~~[m[K
[3.741s] compilation terminated.
[3.745s] gmake[2]: *** [CMakeFiles/imu.dir/build.make:76: CMakeFiles/imu.dir/src/mpu6050driver.cpp.o] Error 1
[3.745s] gmake[2]: *** Waiting for unfinished jobs....
[6.071s] gmake[1]: *** [CMakeFiles/Makefile2:137: CMakeFiles/imu.dir/all] Error 2
[6.071s] gmake: *** [Makefile:146: all] Error 2
[6.077s] Invoked command in '/home/thxssio/Codes/RobotROS/build/imu' returned '2': CMAKE_PREFIX_PATH=/opt/ros/humble /usr/bin/cmake --build /home/thxssio/Codes/RobotROS/build/imu -- -j4 -l4
