[0.060s] Invoking command in '/home/thxssio/Codes/RobotROS/build/imu': CMAKE_PREFIX_PATH=/opt/ros/humble /usr/bin/cmake --build /home/thxssio/Codes/RobotROS/build/imu -- -j4 -l4
[0.215s] [35m[1mConsolidate compiler generated dependencies of target imu[0m
[0.263s] [ 33%] [32mBuilding CXX object CMakeFiles/imu.dir/src/mpu6050driver.cpp.o[0m
[0.312s] In file included from [01m[K/home/thxssio/Codes/RobotROS/src/imu/src/mpu6050driver.cpp:1[m[K:
[0.312s] [01m[K/home/thxssio/Codes/RobotROS/src/imu/include/imu/mpu6050driver.h:4:10:[m[K [01;31m[Kfatal error: [m[Kmpu6050driver/mpu6050sensor.h: No such file or directory
[0.313s]     4 | #include [01;31m[K"mpu6050driver/mpu6050sensor.h"[m[K
[0.313s]       |          [01;31m[K^~~~~~~~~~~~~~~~~~~~~~~~~~~~~~~[m[K
[0.313s] compilation terminated.
[0.317s] gmake[2]: *** [CMakeFiles/imu.dir/build.make:76: CMakeFiles/imu.dir/src/mpu6050driver.cpp.o] Error 1
[0.318s] gmake[1]: *** [CMakeFiles/Makefile2:137: CMakeFiles/imu.dir/all] Error 2
[0.319s] gmake: *** [Makefile:146: all] Error 2
[0.326s] Invoked command in '/home/thxssio/Codes/RobotROS/build/imu' returned '2': CMAKE_PREFIX_PATH=/opt/ros/humble /usr/bin/cmake --build /home/thxssio/Codes/RobotROS/build/imu -- -j4 -l4
